[2025-10-01 13:40:55] [INFO] Loading environment variables from .env
[2025-10-01 13:40:56] [INFO] Installing dependencies...
[2025-10-01 13:41:04] [ERROR] Dependency installation failed
[2025-10-01 13:41:04] [WARNING] For support, visit: https://github.com/12shivam219/Resume_Customizer_Pro/issues
[2025-10-01 13:42:09] [INFO] Loading environment variables from .env
[2025-10-01 13:42:11] [INFO] Installing dependencies...
[2025-10-01 13:42:18] [ERROR] Dependency installation failed
[2025-10-01 13:42:18] [WARNING] For support, visit: https://github.com/12shivam219/Resume_Customizer_Pro/issues
[2025-10-01 13:47:10] [INFO] Loading environment variables from .env
[2025-10-01 13:47:14] [INFO] Starting development server...
[2025-10-01 13:50:30] [INFO] Loading environment variables from .env
[2025-10-01 13:50:32] [INFO] Running database migrations...
[2025-10-01 13:51:25] [INFO] Starting development server...
[2025-10-01 13:52:26] [INFO] Loading environment variables from .env
[2025-10-01 13:52:28] [INFO] Starting development server...
[2025-10-01 13:57:56] [INFO] Loading environment variables from .env
[2025-10-01 13:57:57] [INFO] Starting development server...
[2025-10-01 14:00:18] [INFO] Loading environment variables from .env
[2025-10-01 14:00:21] [INFO] Starting development server...
[2025-10-01 14:08:46] [INFO] Loading environment variables from .env
[2025-10-01 14:08:47] [INFO] Starting development server...
[2025-10-01 14:09:49] [INFO] Loading environment variables from .env
[2025-10-01 14:09:49] [INFO] Running database migrations...
[2025-10-01 14:10:58] [INFO] Starting development server...
[2025-10-01 14:18:00] [INFO] Loading environment variables from .env
[2025-10-01 14:18:01] [INFO] Freed port 5000 by killing PID 14992
[2025-10-01 14:18:02] [WARNING] Could not kill PID 16448 on port 5000
[2025-10-01 14:18:02] [INFO] Starting development server...
[2025-10-01 15:02:17] [INFO] Loading environment variables from .env
[2025-10-01 15:02:18] [INFO] Starting development server...
[2025-10-01 15:06:40] [INFO] Loading environment variables from .env
[2025-10-01 15:06:40] [INFO] Running database migrations...
[2025-10-01 15:07:24] [INFO] Starting development server...
[2025-10-01 15:18:37] [INFO] Loading environment variables from .env
[2025-10-01 15:18:37] [INFO] Installing dependencies...
[2025-10-01 15:18:37] [ERROR] The property 'Statement' cannot be found on this object. Verify that the property exists.
[2025-10-01 15:18:37] [WARNING] For support, visit: https://github.com/12shivam219/Resume_Customizer_Pro/issues
[2025-10-01 15:20:40] [INFO] Loading environment variables from .env
[2025-10-01 15:20:40] [INFO] Running database migrations...
[2025-10-01 15:20:40] [ERROR] The property 'Statement' cannot be found on this object. Verify that the property exists.
[2025-10-01 15:20:40] [WARNING] For support, visit: https://github.com/12shivam219/Resume_Customizer_Pro/issues
[2025-10-01 15:22:22] [INFO] Loading environment variables from .env
[2025-10-01 15:22:23] [INFO] Running database migrations...
[2025-10-01 15:22:23] [ERROR] The property 'Statement' cannot be found on this object. Verify that the property exists.
[2025-10-01 15:22:23] [WARNING] For support, visit: https://github.com/12shivam219/Resume_Customizer_Pro/issues
[2025-10-01 15:23:08] [INFO] Loading environment variables from .env
[2025-10-01 15:23:08] [INFO] Starting development server...
[2025-10-01 15:23:08] [ERROR] The property 'Statement' cannot be found on this object. Verify that the property exists.
[2025-10-01 15:23:08] [WARNING] For support, visit: https://github.com/12shivam219/Resume_Customizer_Pro/issues
[2025-10-01 15:27:01] [INFO] Loading environment variables from .env
[2025-10-01 15:27:01] [INFO] Running database migrations...
[2025-10-01 15:27:01] [ERROR] The property 'Statement' cannot be found on this object. Verify that the property exists.
[2025-10-01 15:27:01] [WARNING] For support, visit: https://github.com/12shivam219/Resume_Customizer_Pro/issues
[2025-10-01 15:39:59] [INFO] Loading environment variables from .env
[2025-10-01 15:39:59] [INFO] Starting development server...
[2025-10-01 15:40:00] [ERROR] The property 'Statement' cannot be found on this object. Verify that the property exists.
[2025-10-01 15:40:00] [WARNING] For support, visit: https://github.com/12shivam219/Resume_Customizer_Pro/issues
