[2025-09-28 01:40:54] [INFO] Starting Resume Customizer Pro - development mode
[2025-09-28 01:40:55] [INFO] Running database migrations...
[2025-09-28 01:41:35] [INFO] Starting development server...
[2025-09-28 08:15:32] [INFO] Loading environment variables from .env
[2025-09-28 08:15:33] [INFO] Running database migrations...
[2025-09-28 08:16:09] [INFO] Starting development server...
[2025-09-28 09:29:23] [INFO] Loading environment variables from .env
[2025-09-28 09:29:23] [WARNING] Error freeing port 5000: Cannot overwrite variable PID because it is read-only or constant.
[2025-09-28 09:29:23] [INFO] Running database migrations...
[2025-09-28 09:29:56] [INFO] Starting development server...
[2025-09-28 09:36:01] [INFO] Loading environment variables from .env
[2025-09-28 09:36:01] [WARNING] Error freeing port 5000: Cannot overwrite variable PID because it is read-only or constant.
[2025-09-28 09:36:01] [INFO] Running database migrations...
[2025-09-28 09:36:32] [INFO] Starting development server...
[2025-09-28 09:46:39] [INFO] Loading environment variables from .env
[2025-09-28 09:46:39] [INFO] Running database migrations...
[2025-09-28 09:47:10] [INFO] Starting development server...
[2025-09-28 12:26:21] [INFO] Loading environment variables from .env
[2025-09-28 12:26:23] [WARNING] Error freeing port 5000: Cannot overwrite variable PID because it is read-only or constant.
[2025-09-28 12:26:23] [INFO] Running database migrations...
[2025-09-28 12:27:19] [INFO] Starting development server...
[2025-09-28 12:31:48] [INFO] Loading environment variables from .env
[2025-09-28 12:31:49] [WARNING] Error freeing port 5000: Cannot overwrite variable PID because it is read-only or constant.
[2025-09-28 12:31:49] [INFO] Running database migrations...
[2025-09-28 12:32:29] [INFO] Starting development server...
[2025-09-28 12:44:01] [INFO] Loading environment variables from .env
[2025-09-28 12:44:01] [INFO] Running database migrations...
[2025-09-28 12:44:37] [INFO] Starting development server...
[2025-09-28 13:19:02] [INFO] Loading environment variables from .env
[2025-09-28 13:19:02] [INFO] Running database migrations...
[2025-09-28 13:19:35] [INFO] Starting development server...
[2025-09-28 15:07:03] [INFO] Loading environment variables from .env
[2025-09-28 15:07:04] [INFO] Running database migrations...
[2025-09-28 15:08:18] [INFO] Starting development server...
[2025-09-28 15:47:23] [INFO] Loading environment variables from .env
[2025-09-28 15:47:24] [INFO] Running database migrations...
[2025-09-28 15:48:06] [INFO] Starting development server...
