[2025-09-29 07:08:27] [WARNING] .env file not found. Some features may not work.
[2025-09-29 07:08:27] [INFO] Installing dependencies...
[2025-09-29 07:11:39] [INFO] Running database migrations...
[2025-09-29 07:12:10] [INFO] Starting development server...
[2025-09-29 07:43:09] [INFO] Loading environment variables from .env
[2025-09-29 07:43:09] [INFO] Running database migrations...
[2025-09-29 07:43:38] [INFO] Starting development server...
[2025-09-29 07:53:38] [INFO] Loading environment variables from .env
[2025-09-29 07:53:39] [INFO] Running database migrations...
[2025-09-29 07:54:10] [INFO] Starting development server...
[2025-09-29 07:59:57] [INFO] Loading environment variables from .env
[2025-09-29 07:59:57] [INFO] Running database migrations...
[2025-09-29 08:00:28] [INFO] Starting development server...
[2025-09-29 08:11:13] [INFO] Loading environment variables from .env
[2025-09-29 08:11:13] [INFO] Running database migrations...
[2025-09-29 08:11:51] [INFO] Starting development server...
[2025-09-29 08:26:27] [INFO] Loading environment variables from .env
[2025-09-29 08:26:27] [INFO] Running database migrations...
[2025-09-29 08:27:13] [INFO] Starting development server...
[2025-09-29 10:52:43] [INFO] Loading environment variables from .env
[2025-09-29 10:52:43] [INFO] Installing dependencies...
[2025-09-29 10:55:19] [INFO] Running database migrations...
[2025-09-29 10:55:52] [INFO] Starting development server...
[2025-09-29 12:32:33] [INFO] Loading environment variables from .env
[2025-09-29 12:32:33] [INFO] Running database migrations...
[2025-09-29 12:33:09] [INFO] Starting development server...
[2025-09-29 12:45:11] [INFO] Loading environment variables from .env
[2025-09-29 12:45:11] [INFO] Running database migrations...
[2025-09-29 12:45:45] [INFO] Starting development server...
[2025-09-29 13:53:55] [INFO] Loading environment variables from .env
[2025-09-29 13:53:56] [WARNING] Error freeing port 5000: Cannot overwrite variable PID because it is read-only or constant.
[2025-09-29 13:53:56] [INFO] Running database migrations...
[2025-09-29 13:54:40] [INFO] Starting development server...
[2025-09-29 13:57:15] [INFO] Loading environment variables from .env
[2025-09-29 13:57:15] [WARNING] Error freeing port 5000: Cannot overwrite variable PID because it is read-only or constant.
[2025-09-29 13:57:15] [INFO] Running database migrations...
[2025-09-29 13:57:56] [INFO] Starting development server...
[2025-09-29 15:13:11] [INFO] Loading environment variables from .env
[2025-09-29 15:13:11] [INFO] Running database migrations...
[2025-09-29 15:13:56] [INFO] Starting development server...
[2025-09-29 15:52:07] [INFO] Loading environment variables from .env
[2025-09-29 15:52:08] [INFO] Running database migrations...
[2025-09-29 15:52:39] [INFO] Starting development server...
[2025-09-29 16:22:41] [INFO] Loading environment variables from .env
[2025-09-29 16:22:41] [INFO] Running database migrations...
[2025-09-29 16:23:12] [INFO] Starting development server...
[2025-09-29 16:25:50] [INFO] Loading environment variables from .env
[2025-09-29 16:25:50] [INFO] Running database migrations...
[2025-09-29 16:26:18] [INFO] Starting development server...
[2025-09-29 16:44:30] [INFO] Loading environment variables from .env
[2025-09-29 16:44:30] [WARNING] Error freeing port 5000: Cannot overwrite variable PID because it is read-only or constant.
[2025-09-29 16:44:30] [INFO] Running database migrations...
[2025-09-29 16:45:01] [INFO] Starting development server...
[2025-09-29 17:25:00] [INFO] Loading environment variables from .env
[2025-09-29 17:25:00] [INFO] Running database migrations...
[2025-09-29 17:25:03] [ERROR] Database migration failed
[2025-09-29 17:25:03] [WARNING] For support, visit: https://github.com/12shivam219/Resume_Customizer_Pro/issues
[2025-09-29 17:25:18] [INFO] Loading environment variables from .env
[2025-09-29 17:25:18] [INFO] Running database migrations...
[2025-09-29 17:25:20] [ERROR] Database migration failed
[2025-09-29 17:25:20] [WARNING] For support, visit: https://github.com/12shivam219/Resume_Customizer_Pro/issues
[2025-09-29 17:27:30] [INFO] Loading environment variables from .env
[2025-09-29 17:27:30] [INFO] Running database migrations...
[2025-09-29 17:27:31] [ERROR] Database migration failed
[2025-09-29 17:27:31] [WARNING] For support, visit: https://github.com/12shivam219/Resume_Customizer_Pro/issues
[2025-09-29 17:28:32] [INFO] Loading environment variables from .env
[2025-09-29 17:28:32] [INFO] Running database migrations...
[2025-09-29 17:28:34] [ERROR] Database migration failed
[2025-09-29 17:28:34] [WARNING] For support, visit: https://github.com/12shivam219/Resume_Customizer_Pro/issues
[2025-09-29 17:29:01] [INFO] Loading environment variables from .env
[2025-09-29 17:29:02] [INFO] Starting development server...
[2025-09-29 17:30:49] [INFO] Loading environment variables from .env
[2025-09-29 17:30:50] [INFO] Starting development server...
[2025-09-29 17:33:17] [INFO] Loading environment variables from .env
[2025-09-29 17:33:18] [WARNING] Error freeing port 5000: Cannot overwrite variable PID because it is read-only or constant.
[2025-09-29 17:33:18] [INFO] Starting development server...
[2025-09-29 17:31:23] [WARNING] .env file not found. Some features may not work.
[2025-09-29 17:31:23] [INFO] Installing dependencies...
[2025-09-29 17:31:24] [ERROR] The property 'Statement' cannot be found on this object. Verify that the property exists.
[2025-09-29 17:31:24] [WARNING] For support, visit: https://github.com/12shivam219/Resume_Customizer_Pro/issues
[2025-09-29 17:32:03] [WARNING] .env file not found. Some features may not work.
[2025-09-29 17:32:03] [INFO] Installing dependencies...
[2025-09-29 17:32:03] [ERROR] The property 'Statement' cannot be found on this object. Verify that the property exists.
[2025-09-29 17:32:03] [WARNING] For support, visit: https://github.com/12shivam219/Resume_Customizer_Pro/issues
[2025-09-29 17:33:26] [INFO] Loading environment variables from .env
[2025-09-29 17:33:26] [INFO] Running database migrations...
[2025-09-29 17:33:26] [ERROR] The property 'Statement' cannot be found on this object. Verify that the property exists.
[2025-09-29 17:33:26] [WARNING] For support, visit: https://github.com/12shivam219/Resume_Customizer_Pro/issues
[2025-09-29 17:33:54] [INFO] Loading environment variables from .env
[2025-09-29 17:33:54] [INFO] Running database migrations...
[2025-09-29 17:33:54] [ERROR] The property 'Statement' cannot be found on this object. Verify that the property exists.
[2025-09-29 17:33:54] [WARNING] For support, visit: https://github.com/12shivam219/Resume_Customizer_Pro/issues
[2025-09-29 17:34:47] [INFO] Loading environment variables from .env
[2025-09-29 17:34:47] [INFO] Starting development server...
[2025-09-29 17:34:47] [ERROR] The property 'Statement' cannot be found on this object. Verify that the property exists.
[2025-09-29 17:34:47] [WARNING] For support, visit: https://github.com/12shivam219/Resume_Customizer_Pro/issues
[2025-09-29 17:36:17] [INFO] Loading environment variables from .env
[2025-09-29 17:36:17] [INFO] Running database migrations...
[2025-09-29 17:36:17] [ERROR] The property 'Statement' cannot be found on this object. Verify that the property exists.
[2025-09-29 17:36:17] [WARNING] For support, visit: https://github.com/12shivam219/Resume_Customizer_Pro/issues
[2025-09-29 17:36:47] [INFO] Loading environment variables from .env
[2025-09-29 17:36:47] [INFO] Running database migrations...
[2025-09-29 17:36:47] [ERROR] The property 'Statement' cannot be found on this object. Verify that the property exists.
[2025-09-29 17:36:47] [WARNING] For support, visit: https://github.com/12shivam219/Resume_Customizer_Pro/issues
[2025-09-29 17:37:35] [INFO] Loading environment variables from .env
[2025-09-29 17:37:36] [INFO] Running database migrations...
[2025-09-29 17:37:36] [ERROR] The property 'Statement' cannot be found on this object. Verify that the property exists.
[2025-09-29 17:37:36] [WARNING] For support, visit: https://github.com/12shivam219/Resume_Customizer_Pro/issues
[2025-09-29 17:37:42] [INFO] Loading environment variables from .env
[2025-09-29 17:37:42] [INFO] Starting development server...
[2025-09-29 17:37:42] [ERROR] The property 'Statement' cannot be found on this object. Verify that the property exists.
[2025-09-29 17:37:42] [WARNING] For support, visit: https://github.com/12shivam219/Resume_Customizer_Pro/issues
[2025-09-29 17:38:45] [INFO] Loading environment variables from .env
[2025-09-29 17:38:46] [INFO] Running database migrations...
[2025-09-29 17:38:46] [ERROR] The property 'Statement' cannot be found on this object. Verify that the property exists.
[2025-09-29 17:38:46] [WARNING] For support, visit: https://github.com/12shivam219/Resume_Customizer_Pro/issues
