[2025-09-26 10:21:01] [INFO] Starting Resume Customizer Pro - development mode
[2025-09-26 10:21:02] [INFO] Running database migrations...
[2025-09-26 10:21:15] [INFO] Starting development server...
[2025-09-26 11:12:12] [INFO] Starting Resume Customizer Pro - development mode
[2025-09-26 11:12:13] [INFO] Running database migrations...
[2025-09-26 11:12:41] [INFO] Starting development server...
[2025-09-26 11:34:41] [INFO] Starting Resume Customizer Pro - development mode
[2025-09-26 11:34:43] [INFO] Running database migrations...
[2025-09-26 11:35:36] [INFO] Starting development server...
[2025-09-26 11:48:23] [INFO] Starting Resume Customizer Pro - development mode
[2025-09-26 11:48:25] [INFO] Port 5000 freed successfully
[2025-09-26 11:48:25] [INFO] Running database migrations...
[2025-09-26 11:48:43] [INFO] Starting development server...
[2025-09-26 11:56:06] [INFO] Starting Resume Customizer Pro - development mode
[2025-09-26 11:56:08] [WARNING] Could not stop process on port 5000
[2025-09-26 11:56:08] [INFO] Running database migrations...
[2025-09-26 11:56:25] [INFO] Starting development server...
[2025-09-26 12:42:34] [INFO] Starting Resume Customizer Pro - development mode
[2025-09-26 12:42:35] [INFO] Running database migrations...
[2025-09-26 12:42:55] [INFO] Starting development server...
[2025-09-26 12:58:35] [INFO] Starting Resume Customizer Pro - development mode
[2025-09-26 12:58:36] [INFO] Port 5000 freed successfully
[2025-09-26 12:58:36] [INFO] Running database migrations...
[2025-09-26 12:59:00] [INFO] Starting development server...
[2025-09-26 14:27:48] [INFO] Starting Resume Customizer Pro - development mode
[2025-09-26 14:27:50] [INFO] Port 5000 freed successfully
[2025-09-26 14:27:50] [INFO] Running database migrations...
[2025-09-26 14:28:16] [INFO] Starting development server...
[2025-09-26 17:20:40] [INFO] Starting Resume Customizer Pro - development mode
[2025-09-26 17:20:42] [INFO] Running database migrations...
[2025-09-26 17:21:22] [INFO] Starting development server...
[2025-09-26 17:24:30] [INFO] Starting Resume Customizer Pro - development mode
[2025-09-26 17:24:30] [INFO] Running database migrations...
[2025-09-26 17:25:06] [INFO] Starting development server...
[2025-09-26 17:26:17] [INFO] Starting Resume Customizer Pro - development mode
[2025-09-26 17:26:19] [INFO] Running database migrations...
[2025-09-26 17:26:53] [INFO] Starting development server...
[2025-09-26 17:27:44] [INFO] Starting Resume Customizer Pro - development mode
[2025-09-26 17:27:45] [INFO] Running database migrations...
[2025-09-26 17:28:22] [INFO] Starting development server...
[2025-09-26 17:29:35] [INFO] Starting Resume Customizer Pro - development mode
[2025-09-26 17:29:36] [INFO] Running database migrations...
[2025-09-26 17:30:10] [INFO] Starting development server...
[2025-09-26 17:32:31] [INFO] Starting Resume Customizer Pro - development mode
[2025-09-26 17:32:32] [INFO] Running database migrations...
[2025-09-26 17:33:08] [INFO] Starting development server...
[2025-09-26 17:33:46] [INFO] Starting Resume Customizer Pro - development mode
[2025-09-26 17:33:47] [INFO] Running database migrations...
[2025-09-26 17:34:24] [INFO] Starting development server...
[2025-09-26 17:35:02] [INFO] Starting Resume Customizer Pro - development mode
[2025-09-26 17:35:03] [INFO] Running database migrations...
[2025-09-26 17:35:38] [INFO] Starting development server...
[2025-09-26 17:36:42] [INFO] Starting Resume Customizer Pro - development mode
[2025-09-26 17:36:44] [INFO] Running database migrations...
[2025-09-26 17:37:26] [INFO] Starting development server...
[2025-09-26 17:40:32] [INFO] Starting Resume Customizer Pro - development mode
[2025-09-26 17:40:34] [INFO] Running database migrations...
[2025-09-26 17:41:21] [INFO] Starting development server...
